<?xml version="1.0" encoding="UTF-8"?>
<testng-results skipped="0" failed="0" ignored="0" total="1" passed="1">
  <reporter-output>
  </reporter-output>
  <suite name="Suite" duration-ms="36323" started-at="2019-11-04T14:33:51 SGT" finished-at="2019-11-04T14:34:28 SGT">
    <groups>
    </groups>
    <test name="Test" duration-ms="36323" started-at="2019-11-04T14:33:51 SGT" finished-at="2019-11-04T14:34:28 SGT">
      <class name="TestLogin.NewTest">
        <test-method status="PASS" signature="startReport(java.lang.String, java.lang.String)[pri:0, instance:TestLogin.NewTest@3e77a1ed]" name="startReport" is-config="true" duration-ms="75" started-at="2019-11-04T14:33:51 SGT" finished-at="2019-11-04T14:33:51 SGT">
          <params>
            <param index="0">
              <value>
                <![CDATA[Windows]]>
              </value>
            </param>
            <param index="1">
              <value>
                <![CDATA[Chrome]]>
              </value>
            </param>
          </params>
          <reporter-output>
          </reporter-output>
        </test-method> <!-- startReport -->
        <test-method status="PASS" signature="testSuccessfulLogin()[pri:0, instance:TestLogin.NewTest@3e77a1ed]" name="testSuccessfulLogin" duration-ms="36049" started-at="2019-11-04T14:33:51 SGT" finished-at="2019-11-04T14:34:27 SGT">
          <reporter-output>
          </reporter-output>
        </test-method> <!-- testSuccessfulLogin -->
        <test-method status="PASS" signature="tearDown()[pri:0, instance:TestLogin.NewTest@3e77a1ed]" name="tearDown" is-config="true" duration-ms="181" started-at="2019-11-04T14:34:27 SGT" finished-at="2019-11-04T14:34:28 SGT">
          <reporter-output>
          </reporter-output>
        </test-method> <!-- tearDown -->
      </class> <!-- TestLogin.NewTest -->
    </test> <!-- Test -->
  </suite> <!-- Suite -->
</testng-results>
